<?xml version="1.0" encoding="UTF-8"?>
<!-- Generated by org.testng.reporters.JUnitXMLReporter -->
<testsuite hostname="DI-108" ignored="20" name="TS_dKOSH_014_DS_001" tests="2" failures="1" timestamp="14 Mar 2020 06:41:42 GMT" time="31.578" errors="0">
  <testcase name="TC_Login" time="10.945" classname="dkosh.tc.TCForm"/>
  <testcase name="TC_dK_006" time="15.174" classname="dkosh.tc.TCForm">
    <failure type="java.lang.AssertionError" message="The following asserts failed:
	expected [New(Draft)] but found [In Active],
	expected [Modify Form - CV Application Form] but found [Modify form - CV Application Form]">
      <![CDATA[java.lang.AssertionError: The following asserts failed:
expected [New(Draft)] but found [In Active],
expected [Modify Form - CV Application Form] but found [Modify form - CV Application Form]
at org.testng.asserts.SoftAssert.assertAll(SoftAssert.java:43)
at dkosh.tc.TCForm.TC_dK_006(TCForm.java:482)
at sun.reflect.NativeMethodAccessorImpl.invoke0(Native Method)
at sun.reflect.NativeMethodAccessorImpl.invoke(NativeMethodAccessorImpl.java:62)
at sun.reflect.DelegatingMethodAccessorImpl.invoke(DelegatingMethodAccessorImpl.java:43)
at java.lang.reflect.Method.invoke(Method.java:498)
at org.testng.internal.MethodInvocationHelper.invokeMethod(MethodInvocationHelper.java:124)
at org.testng.internal.Invoker.invokeMethod(Invoker.java:580)
at org.testng.internal.Invoker.invokeTestMethod(Invoker.java:716)
at org.testng.internal.Invoker.invokeTestMethods(Invoker.java:988)
at org.testng.internal.TestMethodWorker.invokeTestMethods(TestMethodWorker.java:125)
at org.testng.internal.TestMethodWorker.run(TestMethodWorker.java:109)
at org.testng.TestRunner.privateRun(TestRunner.java:648)
at org.testng.TestRunner.run(TestRunner.java:505)
at org.testng.SuiteRunner.runTest(SuiteRunner.java:455)
at org.testng.SuiteRunner.access$000(SuiteRunner.java:40)
at org.testng.SuiteRunner$SuiteWorker.run(SuiteRunner.java:489)
at org.testng.internal.thread.ThreadUtil$1.call(ThreadUtil.java:52)
at java.util.concurrent.FutureTask.run(FutureTask.java:266)
at java.util.concurrent.ThreadPoolExecutor.runWorker(ThreadPoolExecutor.java:1149)
at java.util.concurrent.ThreadPoolExecutor$Worker.run(ThreadPoolExecutor.java:624)
at java.lang.Thread.run(Thread.java:748)
]]>
    </failure>
  </testcase> <!-- TC_dK_006 -->
  <testcase name="TC_dK_008" time="0.0" classname="dkosh.tc.TCForm">
    <ignored/>
  </testcase> <!-- TC_dK_008 -->
  <testcase name="TC_dK_017" time="0.0" classname="dkosh.tc.TCForm">
    <ignored/>
  </testcase> <!-- TC_dK_017 -->
  <testcase name="TC_dK_009" time="0.0" classname="dkosh.tc.TCForm">
    <ignored/>
  </testcase> <!-- TC_dK_009 -->
  <testcase name="TC_dK_022" time="0.0" classname="dkosh.tc.TCForm">
    <ignored/>
  </testcase> <!-- TC_dK_022 -->
  <testcase name="TC_dK_003" time="0.0" classname="dkosh.tc.TCForm">
    <ignored/>
  </testcase> <!-- TC_dK_003 -->
  <testcase name="TC_dK_014" time="0.0" classname="dkosh.tc.TCForm">
    <ignored/>
  </testcase> <!-- TC_dK_014 -->
  <testcase name="TC_dK_020" time="0.0" classname="dkosh.tc.TCForm">
    <ignored/>
  </testcase> <!-- TC_dK_020 -->
  <testcase name="TC_dK_001" time="0.0" classname="dkosh.tc.TCForm">
    <ignored/>
  </testcase> <!-- TC_dK_001 -->
  <testcase name="TC_dK_023" time="0.0" classname="dkosh.tc.TCForm">
    <ignored/>
  </testcase> <!-- TC_dK_023 -->
  <testcase name="TC_dK_012" time="0.0" classname="dkosh.tc.TCForm">
    <ignored/>
  </testcase> <!-- TC_dK_012 -->
  <testcase name="TC_dK_004" time="0.0" classname="dkosh.tc.TCForm">
    <ignored/>
  </testcase> <!-- TC_dK_004 -->
  <testcase name="TC_dK_015" time="0.0" classname="dkosh.tc.TCForm">
    <ignored/>
  </testcase> <!-- TC_dK_015 -->
  <testcase name="TC_dK_029" time="0.0" classname="dkosh.tc.TCForm">
    <ignored/>
  </testcase> <!-- TC_dK_029 -->
  <testcase name="TC_dK_007" time="0.0" classname="dkosh.tc.TCForm">
    <ignored/>
  </testcase> <!-- TC_dK_007 -->
  <testcase name="TC_dK_018" time="0.0" classname="dkosh.tc.TCForm">
    <ignored/>
  </testcase> <!-- TC_dK_018 -->
  <testcase name="TC_dK_002" time="0.0" classname="dkosh.tc.TCForm">
    <ignored/>
  </testcase> <!-- TC_dK_002 -->
  <testcase name="TC_dK_013" time="0.0" classname="dkosh.tc.TCForm">
    <ignored/>
  </testcase> <!-- TC_dK_013 -->
  <testcase name="TC_dK_005" time="0.0" classname="dkosh.tc.TCForm">
    <ignored/>
  </testcase> <!-- TC_dK_005 -->
  <testcase name="TC_dK_021" time="0.0" classname="dkosh.tc.TCForm">
    <ignored/>
  </testcase> <!-- TC_dK_021 -->
  <testcase name="TC_dK_010" time="0.0" classname="dkosh.tc.TCForm">
    <ignored/>
  </testcase> <!-- TC_dK_010 -->
</testsuite> <!-- TS_dKOSH_014_DS_001 -->
